Flow report for de2i_150_qsys_pcie
Sat Sep 26 23:59:28 2015
Quartus II 64-Bit Version 14.0.0 Build 200 06/17/2014 SJ Web Edition


---------------------
; Table of Contents ;
---------------------
  1. Legal Notice
  2. Flow Summary
  3. Flow Settings
  4. Flow Non-Default Global Settings
  5. Flow Elapsed Time
  6. Flow OS Summary
  7. Flow Log
  8. Flow Messages
  9. Flow Suppressed Messages



----------------
; Legal Notice ;
----------------
Copyright (C) 1991-2014 Altera Corporation. All rights reserved.
Your use of Altera Corporation's design tools, logic functions 
and other software and tools, and its AMPP partner logic 
functions, and any output files from any of the foregoing 
(including device programming or simulation files), and any 
associated documentation or information are expressly subject 
to the terms and conditions of the Altera Program License 
Subscription Agreement, the Altera Quartus II License Agreement,
the Altera MegaCore Function License Agreement, or other 
applicable license agreement, including, without limitation, 
that your use is for the sole purpose of programming logic 
devices manufactured by Altera and sold by Altera or its 
authorized distributors.  Please refer to the applicable 
agreement for further details.



+---------------------------------------------------------------------------------+
; Flow Summary                                                                    ;
+------------------------------------+--------------------------------------------+
; Flow Status                        ; Successful - Sat Sep 26 23:59:08 2015      ;
; Quartus II 64-Bit Version          ; 14.0.0 Build 200 06/17/2014 SJ Web Edition ;
; Revision Name                      ; de2i_150_qsys_pcie                         ;
; Top-level Entity Name              ; de2i_150_qsys_pcie                         ;
; Family                             ; Cyclone IV GX                              ;
; Device                             ; EP4CGX150DF31C7                            ;
; Timing Models                      ; Final                                      ;
; Total logic elements               ; 9,424 / 149,760 ( 6 % )                    ;
;     Total combinational functions  ; 8,408 / 149,760 ( 6 % )                    ;
;     Dedicated logic registers      ; 5,277 / 149,760 ( 4 % )                    ;
; Total registers                    ; 5277                                       ;
; Total pins                         ; 467 / 508 ( 92 % )                         ;
; Total virtual pins                 ; 1                                          ;
; Total memory bits                  ; 1,247,224 / 6,635,520 ( 19 % )             ;
; Embedded Multiplier 9-bit elements ; 0 / 720 ( 0 % )                            ;
; Total GXB Receiver Channel PCS     ; 1 / 8 ( 13 % )                             ;
; Total GXB Receiver Channel PMA     ; 1 / 8 ( 13 % )                             ;
; Total GXB Transmitter Channel PCS  ; 1 / 8 ( 13 % )                             ;
; Total GXB Transmitter Channel PMA  ; 1 / 8 ( 13 % )                             ;
; Total PLLs                         ; 1 / 8 ( 13 % )                             ;
+------------------------------------+--------------------------------------------+


+-----------------------------------------+
; Flow Settings                           ;
+-------------------+---------------------+
; Option            ; Setting             ;
+-------------------+---------------------+
; Start date & time ; 09/26/2015 23:54:21 ;
; Main task         ; Compilation         ;
; Revision Name     ; de2i_150_qsys_pcie  ;
+-------------------+---------------------+


+-------------------------------------------------------------------------------------------------------------------------------------------------------------------------------------+
; Flow Non-Default Global Settings                                                                                                                                                    ;
+---------------------------------------------------+-----------------------------------------------------------------+---------------+----------------------------------+------------+
; Assignment Name                                   ; Value                                                           ; Default Value ; Entity Name                      ; Section Id ;
+---------------------------------------------------+-----------------------------------------------------------------+---------------+----------------------------------+------------+
; COMPILER_SIGNATURE_ID                             ; 622599274718.144330446107136                                    ; --            ; --                               ; --         ;
; CYCLONEII_OPTIMIZATION_TECHNIQUE                  ; Speed                                                           ; Balanced      ; --                               ; --         ;
; FITTER_EFFORT                                     ; Standard Fit                                                    ; Auto Fit      ; --                               ; --         ;
; IP_TOOL_ENV                                       ; qsys                                                            ; --            ; altera_avalon_sc_fifo            ; --         ;
; IP_TOOL_ENV                                       ; qsys                                                            ; --            ; altera_irq_clock_crosser         ; --         ;
; IP_TOOL_ENV                                       ; qsys                                                            ; --            ; altera_merlin_burst_adapter      ; --         ;
; IP_TOOL_ENV                                       ; qsys                                                            ; --            ; altera_merlin_master_agent       ; --         ;
; IP_TOOL_ENV                                       ; qsys                                                            ; --            ; altera_merlin_master_translator  ; --         ;
; IP_TOOL_ENV                                       ; qsys                                                            ; --            ; altera_merlin_slave_agent        ; --         ;
; IP_TOOL_ENV                                       ; qsys                                                            ; --            ; altera_merlin_slave_translator   ; --         ;
; IP_TOOL_ENV                                       ; qsys                                                            ; --            ; altera_merlin_traffic_limiter    ; --         ;
; IP_TOOL_ENV                                       ; qsys                                                            ; --            ; altera_merlin_width_adapter      ; --         ;
; IP_TOOL_ENV                                       ; qsys                                                            ; --            ; altera_reset_controller          ; --         ;
; IP_TOOL_ENV                                       ; qsys                                                            ; --            ; de2i_150_qsys                    ; --         ;
; IP_TOOL_ENV                                       ; qsys                                                            ; --            ; de2i_150_qsys_addr_router        ; --         ;
; IP_TOOL_ENV                                       ; qsys                                                            ; --            ; de2i_150_qsys_addr_router_002    ; --         ;
; IP_TOOL_ENV                                       ; qsys                                                            ; --            ; de2i_150_qsys_addr_router_003    ; --         ;
; IP_TOOL_ENV                                       ; qsys                                                            ; --            ; de2i_150_qsys_addr_router_004    ; --         ;
; IP_TOOL_ENV                                       ; qsys                                                            ; --            ; de2i_150_qsys_addr_router_005    ; --         ;
; IP_TOOL_ENV                                       ; qsys                                                            ; --            ; de2i_150_qsys_addr_router_007    ; --         ;
; IP_TOOL_ENV                                       ; qsys                                                            ; --            ; de2i_150_qsys_button             ; --         ;
; IP_TOOL_ENV                                       ; qsys                                                            ; --            ; de2i_150_qsys_cmd_xbar_demux     ; --         ;
; IP_TOOL_ENV                                       ; qsys                                                            ; --            ; de2i_150_qsys_cmd_xbar_demux_002 ; --         ;
; IP_TOOL_ENV                                       ; qsys                                                            ; --            ; de2i_150_qsys_cmd_xbar_demux_003 ; --         ;
; IP_TOOL_ENV                                       ; qsys                                                            ; --            ; de2i_150_qsys_cmd_xbar_demux_004 ; --         ;
; IP_TOOL_ENV                                       ; qsys                                                            ; --            ; de2i_150_qsys_cmd_xbar_demux_005 ; --         ;
; IP_TOOL_ENV                                       ; qsys                                                            ; --            ; de2i_150_qsys_cmd_xbar_demux_007 ; --         ;
; IP_TOOL_ENV                                       ; qsys                                                            ; --            ; de2i_150_qsys_cmd_xbar_mux       ; --         ;
; IP_TOOL_ENV                                       ; qsys                                                            ; --            ; de2i_150_qsys_cmd_xbar_mux_002   ; --         ;
; IP_TOOL_ENV                                       ; qsys                                                            ; --            ; de2i_150_qsys_cmd_xbar_mux_006   ; --         ;
; IP_TOOL_ENV                                       ; qsys                                                            ; --            ; de2i_150_qsys_cmd_xbar_mux_008   ; --         ;
; IP_TOOL_ENV                                       ; qsys                                                            ; --            ; de2i_150_qsys_fifo_memory        ; --         ;
; IP_TOOL_ENV                                       ; qsys                                                            ; --            ; de2i_150_qsys_id_router          ; --         ;
; IP_TOOL_ENV                                       ; qsys                                                            ; --            ; de2i_150_qsys_id_router_001      ; --         ;
; IP_TOOL_ENV                                       ; qsys                                                            ; --            ; de2i_150_qsys_id_router_002      ; --         ;
; IP_TOOL_ENV                                       ; qsys                                                            ; --            ; de2i_150_qsys_id_router_003      ; --         ;
; IP_TOOL_ENV                                       ; qsys                                                            ; --            ; de2i_150_qsys_id_router_006      ; --         ;
; IP_TOOL_ENV                                       ; qsys                                                            ; --            ; de2i_150_qsys_id_router_007      ; --         ;
; IP_TOOL_ENV                                       ; qsys                                                            ; --            ; de2i_150_qsys_id_router_008      ; --         ;
; IP_TOOL_ENV                                       ; qsys                                                            ; --            ; de2i_150_qsys_id_router_009      ; --         ;
; IP_TOOL_ENV                                       ; qsys                                                            ; --            ; de2i_150_qsys_irq_mapper         ; --         ;
; IP_TOOL_ENV                                       ; qsys                                                            ; --            ; de2i_150_qsys_irq_mapper_001     ; --         ;
; IP_TOOL_ENV                                       ; qsys                                                            ; --            ; de2i_150_qsys_led                ; --         ;
; IP_TOOL_ENV                                       ; qsys                                                            ; --            ; de2i_150_qsys_nios2              ; --         ;
; IP_TOOL_ENV                                       ; qsys                                                            ; --            ; de2i_150_qsys_onchip_memory      ; --         ;
; IP_TOOL_ENV                                       ; qsys                                                            ; --            ; de2i_150_qsys_rsp_xbar_demux_006 ; --         ;
; IP_TOOL_ENV                                       ; qsys                                                            ; --            ; de2i_150_qsys_rsp_xbar_demux_008 ; --         ;
; IP_TOOL_ENV                                       ; qsys                                                            ; --            ; de2i_150_qsys_rsp_xbar_demux_009 ; --         ;
; IP_TOOL_ENV                                       ; qsys                                                            ; --            ; de2i_150_qsys_rsp_xbar_mux       ; --         ;
; IP_TOOL_ENV                                       ; qsys                                                            ; --            ; de2i_150_qsys_rsp_xbar_mux_002   ; --         ;
; IP_TOOL_ENV                                       ; qsys                                                            ; --            ; de2i_150_qsys_rsp_xbar_mux_003   ; --         ;
; IP_TOOL_ENV                                       ; qsys                                                            ; --            ; de2i_150_qsys_rsp_xbar_mux_007   ; --         ;
; IP_TOOL_ENV                                       ; qsys                                                            ; --            ; de2i_150_qsys_sgdma              ; --         ;
; IP_TOOL_NAME                                      ; altera_avalon_sc_fifo                                           ; --            ; altera_avalon_sc_fifo            ; --         ;
; IP_TOOL_NAME                                      ; altera_irq_clock_crosser                                        ; --            ; altera_irq_clock_crosser         ; --         ;
; IP_TOOL_NAME                                      ; altera_merlin_burst_adapter                                     ; --            ; altera_merlin_burst_adapter      ; --         ;
; IP_TOOL_NAME                                      ; altera_merlin_master_agent                                      ; --            ; altera_merlin_master_agent       ; --         ;
; IP_TOOL_NAME                                      ; altera_merlin_master_translator                                 ; --            ; altera_merlin_master_translator  ; --         ;
; IP_TOOL_NAME                                      ; altera_merlin_slave_agent                                       ; --            ; altera_merlin_slave_agent        ; --         ;
; IP_TOOL_NAME                                      ; altera_merlin_slave_translator                                  ; --            ; altera_merlin_slave_translator   ; --         ;
; IP_TOOL_NAME                                      ; altera_merlin_traffic_limiter                                   ; --            ; altera_merlin_traffic_limiter    ; --         ;
; IP_TOOL_NAME                                      ; altera_merlin_width_adapter                                     ; --            ; altera_merlin_width_adapter      ; --         ;
; IP_TOOL_NAME                                      ; altera_reset_controller                                         ; --            ; altera_reset_controller          ; --         ;
; IP_TOOL_NAME                                      ; qsys                                                            ; --            ; de2i_150_qsys                    ; --         ;
; IP_TOOL_NAME                                      ; altera_merlin_router                                            ; --            ; de2i_150_qsys_addr_router        ; --         ;
; IP_TOOL_NAME                                      ; altera_merlin_router                                            ; --            ; de2i_150_qsys_addr_router_002    ; --         ;
; IP_TOOL_NAME                                      ; altera_merlin_router                                            ; --            ; de2i_150_qsys_addr_router_003    ; --         ;
; IP_TOOL_NAME                                      ; altera_merlin_router                                            ; --            ; de2i_150_qsys_addr_router_004    ; --         ;
; IP_TOOL_NAME                                      ; altera_merlin_router                                            ; --            ; de2i_150_qsys_addr_router_005    ; --         ;
; IP_TOOL_NAME                                      ; altera_merlin_router                                            ; --            ; de2i_150_qsys_addr_router_007    ; --         ;
; IP_TOOL_NAME                                      ; altera_avalon_pio                                               ; --            ; de2i_150_qsys_button             ; --         ;
; IP_TOOL_NAME                                      ; altera_merlin_demultiplexer                                     ; --            ; de2i_150_qsys_cmd_xbar_demux     ; --         ;
; IP_TOOL_NAME                                      ; altera_merlin_demultiplexer                                     ; --            ; de2i_150_qsys_cmd_xbar_demux_002 ; --         ;
; IP_TOOL_NAME                                      ; altera_merlin_demultiplexer                                     ; --            ; de2i_150_qsys_cmd_xbar_demux_003 ; --         ;
; IP_TOOL_NAME                                      ; altera_merlin_demultiplexer                                     ; --            ; de2i_150_qsys_cmd_xbar_demux_004 ; --         ;
; IP_TOOL_NAME                                      ; altera_merlin_demultiplexer                                     ; --            ; de2i_150_qsys_cmd_xbar_demux_005 ; --         ;
; IP_TOOL_NAME                                      ; altera_merlin_demultiplexer                                     ; --            ; de2i_150_qsys_cmd_xbar_demux_007 ; --         ;
; IP_TOOL_NAME                                      ; altera_merlin_multiplexer                                       ; --            ; de2i_150_qsys_cmd_xbar_mux       ; --         ;
; IP_TOOL_NAME                                      ; altera_merlin_multiplexer                                       ; --            ; de2i_150_qsys_cmd_xbar_mux_002   ; --         ;
; IP_TOOL_NAME                                      ; altera_merlin_multiplexer                                       ; --            ; de2i_150_qsys_cmd_xbar_mux_006   ; --         ;
; IP_TOOL_NAME                                      ; altera_merlin_multiplexer                                       ; --            ; de2i_150_qsys_cmd_xbar_mux_008   ; --         ;
; IP_TOOL_NAME                                      ; altera_avalon_fifo                                              ; --            ; de2i_150_qsys_fifo_memory        ; --         ;
; IP_TOOL_NAME                                      ; altera_merlin_router                                            ; --            ; de2i_150_qsys_id_router          ; --         ;
; IP_TOOL_NAME                                      ; altera_merlin_router                                            ; --            ; de2i_150_qsys_id_router_001      ; --         ;
; IP_TOOL_NAME                                      ; altera_merlin_router                                            ; --            ; de2i_150_qsys_id_router_002      ; --         ;
; IP_TOOL_NAME                                      ; altera_merlin_router                                            ; --            ; de2i_150_qsys_id_router_003      ; --         ;
; IP_TOOL_NAME                                      ; altera_merlin_router                                            ; --            ; de2i_150_qsys_id_router_006      ; --         ;
; IP_TOOL_NAME                                      ; altera_merlin_router                                            ; --            ; de2i_150_qsys_id_router_007      ; --         ;
; IP_TOOL_NAME                                      ; altera_merlin_router                                            ; --            ; de2i_150_qsys_id_router_008      ; --         ;
; IP_TOOL_NAME                                      ; altera_merlin_router                                            ; --            ; de2i_150_qsys_id_router_009      ; --         ;
; IP_TOOL_NAME                                      ; altera_irq_mapper                                               ; --            ; de2i_150_qsys_irq_mapper         ; --         ;
; IP_TOOL_NAME                                      ; altera_irq_mapper                                               ; --            ; de2i_150_qsys_irq_mapper_001     ; --         ;
; IP_TOOL_NAME                                      ; altera_avalon_pio                                               ; --            ; de2i_150_qsys_led                ; --         ;
; IP_TOOL_NAME                                      ; altera_nios2_qsys                                               ; --            ; de2i_150_qsys_nios2              ; --         ;
; IP_TOOL_NAME                                      ; altera_avalon_onchip_memory2                                    ; --            ; de2i_150_qsys_onchip_memory      ; --         ;
; IP_TOOL_NAME                                      ; altera_merlin_demultiplexer                                     ; --            ; de2i_150_qsys_rsp_xbar_demux_006 ; --         ;
; IP_TOOL_NAME                                      ; altera_merlin_demultiplexer                                     ; --            ; de2i_150_qsys_rsp_xbar_demux_008 ; --         ;
; IP_TOOL_NAME                                      ; altera_merlin_demultiplexer                                     ; --            ; de2i_150_qsys_rsp_xbar_demux_009 ; --         ;
; IP_TOOL_NAME                                      ; altera_merlin_multiplexer                                       ; --            ; de2i_150_qsys_rsp_xbar_mux       ; --         ;
; IP_TOOL_NAME                                      ; altera_merlin_multiplexer                                       ; --            ; de2i_150_qsys_rsp_xbar_mux_002   ; --         ;
; IP_TOOL_NAME                                      ; altera_merlin_multiplexer                                       ; --            ; de2i_150_qsys_rsp_xbar_mux_003   ; --         ;
; IP_TOOL_NAME                                      ; altera_merlin_multiplexer                                       ; --            ; de2i_150_qsys_rsp_xbar_mux_007   ; --         ;
; IP_TOOL_NAME                                      ; altera_avalon_sgdma                                             ; --            ; de2i_150_qsys_sgdma              ; --         ;
; IP_TOOL_VERSION                                   ; 12.1                                                            ; --            ; altera_avalon_sc_fifo            ; --         ;
; IP_TOOL_VERSION                                   ; 12.1                                                            ; --            ; altera_irq_clock_crosser         ; --         ;
; IP_TOOL_VERSION                                   ; 12.1                                                            ; --            ; altera_merlin_burst_adapter      ; --         ;
; IP_TOOL_VERSION                                   ; 12.1                                                            ; --            ; altera_merlin_master_agent       ; --         ;
; IP_TOOL_VERSION                                   ; 12.1                                                            ; --            ; altera_merlin_master_translator  ; --         ;
; IP_TOOL_VERSION                                   ; 12.1                                                            ; --            ; altera_merlin_slave_agent        ; --         ;
; IP_TOOL_VERSION                                   ; 12.1                                                            ; --            ; altera_merlin_slave_translator   ; --         ;
; IP_TOOL_VERSION                                   ; 12.1                                                            ; --            ; altera_merlin_traffic_limiter    ; --         ;
; IP_TOOL_VERSION                                   ; 12.1                                                            ; --            ; altera_merlin_width_adapter      ; --         ;
; IP_TOOL_VERSION                                   ; 12.1                                                            ; --            ; altera_reset_controller          ; --         ;
; IP_TOOL_VERSION                                   ; 12.1                                                            ; --            ; de2i_150_qsys                    ; --         ;
; IP_TOOL_VERSION                                   ; 12.1                                                            ; --            ; de2i_150_qsys_addr_router        ; --         ;
; IP_TOOL_VERSION                                   ; 12.1                                                            ; --            ; de2i_150_qsys_addr_router_002    ; --         ;
; IP_TOOL_VERSION                                   ; 12.1                                                            ; --            ; de2i_150_qsys_addr_router_003    ; --         ;
; IP_TOOL_VERSION                                   ; 12.1                                                            ; --            ; de2i_150_qsys_addr_router_004    ; --         ;
; IP_TOOL_VERSION                                   ; 12.1                                                            ; --            ; de2i_150_qsys_addr_router_005    ; --         ;
; IP_TOOL_VERSION                                   ; 12.1                                                            ; --            ; de2i_150_qsys_addr_router_007    ; --         ;
; IP_TOOL_VERSION                                   ; 12.1                                                            ; --            ; de2i_150_qsys_button             ; --         ;
; IP_TOOL_VERSION                                   ; 12.1                                                            ; --            ; de2i_150_qsys_cmd_xbar_demux     ; --         ;
; IP_TOOL_VERSION                                   ; 12.1                                                            ; --            ; de2i_150_qsys_cmd_xbar_demux_002 ; --         ;
; IP_TOOL_VERSION                                   ; 12.1                                                            ; --            ; de2i_150_qsys_cmd_xbar_demux_003 ; --         ;
; IP_TOOL_VERSION                                   ; 12.1                                                            ; --            ; de2i_150_qsys_cmd_xbar_demux_004 ; --         ;
; IP_TOOL_VERSION                                   ; 12.1                                                            ; --            ; de2i_150_qsys_cmd_xbar_demux_005 ; --         ;
; IP_TOOL_VERSION                                   ; 12.1                                                            ; --            ; de2i_150_qsys_cmd_xbar_demux_007 ; --         ;
; IP_TOOL_VERSION                                   ; 12.1                                                            ; --            ; de2i_150_qsys_cmd_xbar_mux       ; --         ;
; IP_TOOL_VERSION                                   ; 12.1                                                            ; --            ; de2i_150_qsys_cmd_xbar_mux_002   ; --         ;
; IP_TOOL_VERSION                                   ; 12.1                                                            ; --            ; de2i_150_qsys_cmd_xbar_mux_006   ; --         ;
; IP_TOOL_VERSION                                   ; 12.1                                                            ; --            ; de2i_150_qsys_cmd_xbar_mux_008   ; --         ;
; IP_TOOL_VERSION                                   ; 12.1                                                            ; --            ; de2i_150_qsys_fifo_memory        ; --         ;
; IP_TOOL_VERSION                                   ; 12.1                                                            ; --            ; de2i_150_qsys_id_router          ; --         ;
; IP_TOOL_VERSION                                   ; 12.1                                                            ; --            ; de2i_150_qsys_id_router_001      ; --         ;
; IP_TOOL_VERSION                                   ; 12.1                                                            ; --            ; de2i_150_qsys_id_router_002      ; --         ;
; IP_TOOL_VERSION                                   ; 12.1                                                            ; --            ; de2i_150_qsys_id_router_003      ; --         ;
; IP_TOOL_VERSION                                   ; 12.1                                                            ; --            ; de2i_150_qsys_id_router_006      ; --         ;
; IP_TOOL_VERSION                                   ; 12.1                                                            ; --            ; de2i_150_qsys_id_router_007      ; --         ;
; IP_TOOL_VERSION                                   ; 12.1                                                            ; --            ; de2i_150_qsys_id_router_008      ; --         ;
; IP_TOOL_VERSION                                   ; 12.1                                                            ; --            ; de2i_150_qsys_id_router_009      ; --         ;
; IP_TOOL_VERSION                                   ; 12.1                                                            ; --            ; de2i_150_qsys_irq_mapper         ; --         ;
; IP_TOOL_VERSION                                   ; 12.1                                                            ; --            ; de2i_150_qsys_irq_mapper_001     ; --         ;
; IP_TOOL_VERSION                                   ; 12.1                                                            ; --            ; de2i_150_qsys_led                ; --         ;
; IP_TOOL_VERSION                                   ; 12.1                                                            ; --            ; de2i_150_qsys_nios2              ; --         ;
; IP_TOOL_VERSION                                   ; 12.1                                                            ; --            ; de2i_150_qsys_onchip_memory      ; --         ;
; IP_TOOL_VERSION                                   ; 12.1                                                            ; --            ; de2i_150_qsys_rsp_xbar_demux_006 ; --         ;
; IP_TOOL_VERSION                                   ; 12.1                                                            ; --            ; de2i_150_qsys_rsp_xbar_demux_008 ; --         ;
; IP_TOOL_VERSION                                   ; 12.1                                                            ; --            ; de2i_150_qsys_rsp_xbar_demux_009 ; --         ;
; IP_TOOL_VERSION                                   ; 12.1                                                            ; --            ; de2i_150_qsys_rsp_xbar_mux       ; --         ;
; IP_TOOL_VERSION                                   ; 12.1                                                            ; --            ; de2i_150_qsys_rsp_xbar_mux_002   ; --         ;
; IP_TOOL_VERSION                                   ; 12.1                                                            ; --            ; de2i_150_qsys_rsp_xbar_mux_003   ; --         ;
; IP_TOOL_VERSION                                   ; 12.1                                                            ; --            ; de2i_150_qsys_rsp_xbar_mux_007   ; --         ;
; IP_TOOL_VERSION                                   ; 12.1                                                            ; --            ; de2i_150_qsys_sgdma              ; --         ;
; MAX_CORE_JUNCTION_TEMP                            ; 85                                                              ; --            ; --                               ; --         ;
; MIN_CORE_JUNCTION_TEMP                            ; 0                                                               ; --            ; --                               ; --         ;
; MISC_FILE                                         ; de2i_150_qsys/synthesis/../../de2i_150_qsys.cmp                 ; --            ; --                               ; --         ;
; MISC_FILE                                         ; de2i_150_qsys/synthesis/../../de2i_150_qsys.qsys                ; --            ; --                               ; --         ;
; NUM_PARALLEL_PROCESSORS                           ; All                                                             ; --            ; --                               ; --         ;
; OUTPUT_IO_TIMING_FAR_END_VMEAS                    ; Half Signal Swing                                               ; --            ; --                               ; --         ;
; OUTPUT_IO_TIMING_FAR_END_VMEAS                    ; Half Signal Swing                                               ; --            ; --                               ; --         ;
; OUTPUT_IO_TIMING_NEAR_END_VMEAS                   ; Half Vccio                                                      ; --            ; --                               ; --         ;
; OUTPUT_IO_TIMING_NEAR_END_VMEAS                   ; Half Vccio                                                      ; --            ; --                               ; --         ;
; PARTITION_COLOR                                   ; 16764057                                                        ; --            ; --                               ; Top        ;
; PARTITION_FITTER_PRESERVATION_LEVEL               ; PLACEMENT_AND_ROUTING                                           ; --            ; --                               ; Top        ;
; PARTITION_NETLIST_TYPE                            ; SOURCE                                                          ; --            ; --                               ; Top        ;
; PHYSICAL_SYNTHESIS_ASYNCHRONOUS_SIGNAL_PIPELINING ; On                                                              ; Off           ; --                               ; --         ;
; PHYSICAL_SYNTHESIS_COMBO_LOGIC                    ; On                                                              ; Off           ; --                               ; --         ;
; PHYSICAL_SYNTHESIS_EFFORT                         ; Extra                                                           ; Normal        ; --                               ; --         ;
; PHYSICAL_SYNTHESIS_REGISTER_DUPLICATION           ; On                                                              ; Off           ; --                               ; --         ;
; PHYSICAL_SYNTHESIS_REGISTER_RETIMING              ; On                                                              ; Off           ; --                               ; --         ;
; POWER_BOARD_THERMAL_MODEL                         ; None (CONSERVATIVE)                                             ; --            ; --                               ; --         ;
; POWER_PRESET_COOLING_SOLUTION                     ; 23 MM HEAT SINK WITH 200 LFPM AIRFLOW                           ; --            ; --                               ; --         ;
; SLD_INFO                                          ; QSYS_NAME de2i_150_qsys HAS_SOPCINFO 1 GENERATION_ID 1358392693 ; --            ; de2i_150_qsys                    ; --         ;
; SMART_RECOMPILE                                   ; On                                                              ; Off           ; --                               ; --         ;
; SOPCINFO_FILE                                     ; de2i_150_qsys/synthesis/../../de2i_150_qsys.sopcinfo            ; --            ; --                               ; --         ;
; SYNTHESIS_ONLY_QIP                                ; On                                                              ; --            ; --                               ; --         ;
+---------------------------------------------------+-----------------------------------------------------------------+---------------+----------------------------------+------------+


+-------------------------------------------------------------------------------------------------------------------------------+
; Flow Elapsed Time                                                                                                             ;
+---------------------------+--------------+-------------------------+---------------------+------------------------------------+
; Module Name               ; Elapsed Time ; Average Processors Used ; Peak Virtual Memory ; Total CPU Time (on all processors) ;
+---------------------------+--------------+-------------------------+---------------------+------------------------------------+
; Analysis & Synthesis      ; 00:01:15     ; 1.0                     ; 1490 MB             ; 00:01:15                           ;
; Fitter                    ; 00:02:58     ; 1.9                     ; 1709 MB             ; 00:04:57                           ;
; Assembler                 ; 00:00:10     ; 1.0                     ; 836 MB              ; 00:00:10                           ;
; TimeQuest Timing Analyzer ; 00:00:13     ; 1.1                     ; 1165 MB             ; 00:00:17                           ;
; Total                     ; 00:04:36     ; --                      ; --                  ; 00:06:39                           ;
+---------------------------+--------------+-------------------------+---------------------+------------------------------------+


+----------------------------------------------------------------------------------------------+
; Flow OS Summary                                                                              ;
+---------------------------+-------------------+----------------+------------+----------------+
; Module Name               ; Machine Hostname  ; OS Name        ; OS Version ; Processor type ;
+---------------------------+-------------------+----------------+------------+----------------+
; Analysis & Synthesis      ; LuisArdila-W110ER ; Ubuntu 14.04.3 ; 14         ; x86_64         ;
; Fitter                    ; LuisArdila-W110ER ; Ubuntu 14.04.3 ; 14         ; x86_64         ;
; Assembler                 ; LuisArdila-W110ER ; Ubuntu 14.04.3 ; 14         ; x86_64         ;
; TimeQuest Timing Analyzer ; LuisArdila-W110ER ; Ubuntu 14.04.3 ; 14         ; x86_64         ;
+---------------------------+-------------------+----------------+------------+----------------+


------------
; Flow Log ;
------------
quartus_map --read_settings_files=on --write_settings_files=off de2i_150_qsys_pcie -c de2i_150_qsys_pcie
quartus_fit --read_settings_files=off --write_settings_files=off de2i_150_qsys_pcie -c de2i_150_qsys_pcie
quartus_asm --read_settings_files=off --write_settings_files=off de2i_150_qsys_pcie -c de2i_150_qsys_pcie
quartus_sta de2i_150_qsys_pcie -c de2i_150_qsys_pcie



